2026-04-26 18:42:09 I tivit.stage.calibration: starting sweep on split=valid deterministic=False
2026-04-26 18:42:09 I tivit.data.roi.keyboard_roi: reg_refined: canonical_hw=(180, 1536) cache=/home/achatzigiannis/tivit-vam/reg_refined_pianovam.json
2026-04-26 18:42:09 I tivit.data.roi.keyboard_roi: reg_refined: loaded 31 cache entries from /home/achatzigiannis/tivit-vam/reg_refined_pianovam.json (upgraded=0 skipped_target_hw=0 skipped_invalid=0)
2026-04-26 18:42:09 I tivit.data.roi.keyboard_roi: reg_refined: cache_path=/home/achatzigiannis/tivit-vam/reg_refined_pianovam.json entries=31 canonical_hw=(180, 1536)
2026-04-26 18:42:09 I tivit.data.roi.keyboard_roi: reg_refined: cache_keys_preview=['video_01', 'video_03', 'video_04', 'video_06', 'video_07']
2026-04-26 18:42:10 I tivit.pipelines._common: Initialized lazy encoder before checkpoint load.
2026-04-26 18:42:10 I tivit.stage.calibration: loaded checkpoint /home/achatzigiannis/tivit-logs/manual_training_keyroi/checkpoints/epoch_1.pt (epoch 1)
2026-04-26 18:42:10 D h5py._conv: Creating converter from 7 to 5
2026-04-26 18:42:10 D h5py._conv: Creating converter from 5 to 7
2026-04-26 18:42:10 D h5py._conv: Creating converter from 7 to 5
2026-04-26 18:42:10 D h5py._conv: Creating converter from 5 to 7
2026-04-26 18:42:10 W tivit.data.datasets.base: HDF5 decode failed for /raid_storage/data_achatzigiannis/PianoVAM_v1.0/HDF5/2024-02-15_20-07-54.h5 (HDF5 file appears to contain a fixed clip, not a full video; cannot serve start_frame=480 from 96 stored frames); falling back to /raid_storage/data_achatzigiannis/PianoVAM_v1.0/Video/2024-02-15_20-07-54.mp4
2026-04-26 18:42:13 W tivit.data.datasets.base: HDF5 decode failed for /raid_storage/data_achatzigiannis/PianoVAM_v1.0/HDF5/2024-02-15_20-38-23.h5 (HDF5 file appears to contain a fixed clip, not a full video; cannot serve start_frame=480 from 96 stored frames); falling back to /raid_storage/data_achatzigiannis/PianoVAM_v1.0/Video/2024-02-15_20-38-23.mp4
2026-04-26 18:42:16 W tivit.data.datasets.base: HDF5 decode failed for /raid_storage/data_achatzigiannis/PianoVAM_v1.0/HDF5/2024-02-15_21-33-36.h5 (HDF5 file appears to contain a fixed clip, not a full video; cannot serve start_frame=480 from 96 stored frames); falling back to /raid_storage/data_achatzigiannis/PianoVAM_v1.0/Video/2024-02-15_21-33-36.mp4
2026-04-26 18:42:20 W tivit.data.datasets.base: HDF5 decode failed for /raid_storage/data_achatzigiannis/PianoVAM_v1.0/HDF5/2024-03-13_11-54-57.h5 (HDF5 file appears to contain a fixed clip, not a full video; cannot serve start_frame=480 from 96 stored frames); falling back to /raid_storage/data_achatzigiannis/PianoVAM_v1.0/Video/2024-03-13_11-54-57.mp4
2026-04-26 18:42:26 W tivit.data.datasets.base: HDF5 decode failed for /raid_storage/data_achatzigiannis/PianoVAM_v1.0/HDF5/2024-09-02_12-45-12.h5 (HDF5 file appears to contain a fixed clip, not a full video; cannot serve start_frame=480 from 96 stored frames); falling back to /raid_storage/data_achatzigiannis/PianoVAM_v1.0/Video/2024-09-02_12-45-12.mp4
2026-04-26 18:42:37 W tivit.data.roi.keyboard_roi: reg_refined: video_12 status=fallback_worsened err_before=5.38px err_after=5.38px err_white=5.38px err_black=5.38px frames=96
2026-04-26 18:42:38 W tivit.data.datasets.base: HDF5 decode failed for /raid_storage/data_achatzigiannis/PianoVAM_v1.0/HDF5/2024-09-02_15-05-42.h5 (HDF5 file appears to contain a fixed clip, not a full video; cannot serve start_frame=480 from 96 stored frames); falling back to /raid_storage/data_achatzigiannis/PianoVAM_v1.0/Video/2024-09-02_15-05-42.mp4
2026-04-26 18:42:42 W tivit.data.datasets.base: HDF5 decode failed for /raid_storage/data_achatzigiannis/PianoVAM_v1.0/HDF5/2024-09-02_15-26-39.h5 (HDF5 file appears to contain a fixed clip, not a full video; cannot serve start_frame=480 from 96 stored frames); falling back to /raid_storage/data_achatzigiannis/PianoVAM_v1.0/Video/2024-09-02_15-26-39.mp4
2026-04-26 18:42:51 W tivit.data.roi.keyboard_roi: reg_refined: video_39 status=fallback_worsened err_before=5.50px err_after=5.50px err_white=5.50px err_black=5.50px frames=96
2026-04-26 18:42:53 W tivit.data.datasets.base: HDF5 decode failed for /raid_storage/data_achatzigiannis/PianoVAM_v1.0/HDF5/2024-09-02_19-40-55.h5 (HDF5 file appears to contain a fixed clip, not a full video; cannot serve start_frame=480 from 96 stored frames); falling back to /raid_storage/data_achatzigiannis/PianoVAM_v1.0/Video/2024-09-02_19-40-55.mp4
2026-04-26 18:42:57 W tivit.data.datasets.base: HDF5 decode failed for /raid_storage/data_achatzigiannis/PianoVAM_v1.0/HDF5/2024-09-02_23-22-31.h5 (HDF5 file appears to contain a fixed clip, not a full video; cannot serve start_frame=480 from 96 stored frames); falling back to /raid_storage/data_achatzigiannis/PianoVAM_v1.0/Video/2024-09-02_23-22-31.mp4
2026-04-26 18:43:10 W tivit.data.roi.keyboard_roi: reg_refined: video_31 status=fallback_worsened err_before=5.33px err_after=5.33px err_white=5.33px err_black=5.33px frames=96
2026-04-26 18:43:11 I tivit.final.calibration: calibration saved to /home/achatzigiannis/tivit-logs/manual_training_keyroi/sweeps/keyroi_v1/epoch_001/calibration.json
